<?xml version="1.0" encoding="UTF-8"?>
<collection>
    <doc href="DQ.epub!/OEBPS/content.opf"/>
</collection>
